<?xml version="1.0" encoding="UTF-8"?>
<!-- Generated by org.testng.reporters.JUnitReportReporter -->
<testsuite hostname="MY-LAPTOP" failures="0" tests="3" name="AtechCompany.tests.SubmitOrderTest" time="88.951" errors="0" timestamp="2022-09-03T21:31:49 IST" skipped="0">
  <testcase classname="AtechCompany.tests.SubmitOrderTest" name="submitOrder" time="61.064"/>
  <system-out/>
  <testcase classname="AtechCompany.tests.SubmitOrderTest" name="OrderHistoryTest" time="12.010"/>
  <system-out/>
  <testcase classname="AtechCompany.tests.SubmitOrderTest" name="submitOrder" time="15.877"/>
  <system-out/>
</testsuite> <!-- AtechCompany.tests.SubmitOrderTest -->
