<?xml version="1.0" encoding="UTF-8"?>
<!-- Generated by org.testng.reporters.JUnitReportReporter -->
<testsuite hostname="MY-LAPTOP" failures="0" tests="2" name="AtechCompany.tests.ErrorValidationsTest" time="68.678" errors="0" timestamp="2022-09-21T13:00:27 IST" skipped="0">
  <testcase classname="AtechCompany.tests.ErrorValidationsTest" name="ProductErrorValidation" time="51.191"/>
  <system-out/>
  <testcase classname="AtechCompany.tests.ErrorValidationsTest" name="LoginErrorValidation" time="17.487"/>
  <system-out/>
</testsuite> <!-- AtechCompany.tests.ErrorValidationsTest -->
