<?xml version="1.0" encoding="UTF-8"?>
<!-- Generated by org.testng.reporters.JUnitReportReporter -->
<testsuite hostname="MY-LAPTOP" failures="0" tests="3" name="AtechCompany.tests.SubmitOrderTest" time="33.907" errors="0" timestamp="2022-09-20T16:38:01 IST" skipped="0">
  <testcase classname="AtechCompany.tests.SubmitOrderTest" name="OrderHistoryTest" time="8.384"/>
  <system-out/>
  <testcase classname="AtechCompany.tests.SubmitOrderTest" name="submitOrder" time="13.224"/>
  <system-out/>
  <testcase classname="AtechCompany.tests.SubmitOrderTest" name="submitOrder" time="12.299"/>
  <system-out/>
</testsuite> <!-- AtechCompany.tests.SubmitOrderTest -->
