<?xml version="1.0" encoding="UTF-8"?>
<!-- Generated by org.testng.reporters.JUnitReportReporter -->
<testsuite hostname="MY-LAPTOP" failures="0" tests="2" name="AtechCompany.tests.ErrorValidationsTest" time="47.161" errors="0" timestamp="2022-09-04T14:48:01 IST" skipped="0">
  <testcase classname="AtechCompany.tests.ErrorValidationsTest" name="LoginErrorValidation" time="32.708"/>
  <system-out/>
  <testcase classname="AtechCompany.tests.ErrorValidationsTest" name="ProductErrorValidation" time="14.453"/>
  <system-out/>
</testsuite> <!-- AtechCompany.tests.ErrorValidationsTest -->
