<?xml version="1.0" encoding="UTF-8"?>
<!-- Generated by org.testng.reporters.JUnitReportReporter -->
<testsuite hostname="MY-LAPTOP" failures="0" tests="1" name="cucumber.TestNGTestRunner" time="74.334" errors="0" timestamp="2022-09-20T23:26:34 IST" skipped="0">
  <testcase classname="cucumber.TestNGTestRunner" name="runScenario" time="74.334"/>
  <system-out/>
</testsuite> <!-- cucumber.TestNGTestRunner -->
