<?xml version="1.0" encoding="UTF-8"?>
<!-- Generated by org.testng.reporters.JUnitReportReporter -->
<testsuite hostname="MY-LAPTOP" failures="0" tests="1" name="cucumber.TestNGTestRunner" time="10.896" errors="0" timestamp="2022-09-20T16:38:01 IST" skipped="0">
  <testcase classname="cucumber.TestNGTestRunner" name="runScenario" time="10.896"/>
  <system-out/>
</testsuite> <!-- cucumber.TestNGTestRunner -->
