<?xml version="1.0" encoding="UTF-8"?>
<!-- Generated by org.testng.reporters.JUnitReportReporter -->
<testsuite hostname="MY-LAPTOP" failures="0" tests="2" name="AtechCompany.tests.SubmitOrderTest" time="27.986" errors="0" timestamp="2022-09-04T14:51:53 IST" skipped="0">
  <testcase classname="AtechCompany.tests.SubmitOrderTest" name="submitOrder" time="17.968"/>
  <system-out/>
  <testcase classname="AtechCompany.tests.SubmitOrderTest" name="submitOrder" time="10.018"/>
  <system-out/>
</testsuite> <!-- AtechCompany.tests.SubmitOrderTest -->
